========================================
ОТЧЕТ СКАНИРОВАНИЯ ФАЙЛОВОЙ СИСТЕМЫ
Дата: 08.06.2026, 10:01:53
========================================

СИСТЕМНАЯ ИНФОРМАЦИЯ:
  Node.js версия: v26.2.0
  Платформа: linux
  Архитектура: x64
  Рабочая директория: /home/sergei/Desktop/system

СТАТИСТИКА СКАНИРОВАНИЯ:
  📁 Всего директорий в конфигурации: 1
  🚫 Исключено из сканирования: 0
  ✅ Успешно отсканировано: 1
  ⚠️  Отсутствует (с предупреждением): 0
  ❌ Ошибок: 0

УСПЕШНО ОТСКАНИРОВАННЫЕ ДИРЕКТОРИИ:
  ✅ Directory/11 - Пользовательские функции: скрипты, расширения, пользовательские утилиты
     Файлов: 0

========================================
КОНЕЦ ОТЧЕТА
========================================
